[debug] > Exec(early(addDefaultCommands), None, None)
[debug] > Exec(addDefaultCommands, None, None)
[debug] > Exec(early(initialize), None, None)
[debug] > Exec(initialize, None, None)
[debug] > Exec(boot, None, None)
[debug] > Exec(writeSbtVersion, None, None)
[debug] > Exec(reload, None, None)
[debug] > Exec(sbtStashOnFailure, None, None)
[debug] > Exec(onFailure loadFailed, None, None)
[debug] > Exec(loadp, None, None)
[info] welcome to sbt 1.9.8 (Oracle Corporation Java 18.0.1.1)
[debug] Load.defaultLoad until apply took 343.6682ms
[debug]                       Load.loadUnit: plugins took 325.2677ms
[debug]                       Load.loadUnit: defsScala took 0.6734ms
[debug] [Loading] Scanning directory C:\Users\ABC\Desktop\gatling\project\project\project
[debug]                         Load.loadUnit: mkEval took 29.0522ms
[debug] [Loading] Found non-root projects 
[debug] [Loading] Done in C:\Users\ABC\Desktop\gatling\project\project\project, returning: ()
[debug] deducing auto plugins based on known facts Set(Atom(sbt.plugins.CorePlugin)) and clauses Clauses(Clause(Atom(sbt.plugins.JvmPlugin),Set(Atom(sbt.plugins.IvyPlugin)))
[debug] Clause(Atom(sbt.ScriptedPlugin),Set(Atom(sbt.plugins.JvmPlugin)))
[debug] Clause(Atom(sbt.plugins.SbtPlugin),Set(Atom(sbt.ScriptedPlugin)))
[debug] Clause(Atom(sbt.plugins.SemanticdbPlugin),Set(Atom(sbt.plugins.JvmPlugin)))
[debug] Clause(Atom(sbt.plugins.JUnitXmlReportPlugin),Set(Atom(sbt.plugins.JvmPlugin)))
[debug] Clause(Atom(sbt.plugins.MiniDependencyTreePlugin),Set(Atom(sbt.plugins.JvmPlugin)))
[debug] Clause(Atom(sbt.plugins.CorePlugin),Set(Atom(sbt.plugins.IvyPlugin)))
[debug] Clause(Atom(sbt.plugins.IvyPlugin),Set(Atom(sbt.plugins.JvmPlugin)))
[debug] Clause(Atom(sbt.plugins.JvmPlugin),Set(Atom(sbt.plugins.SemanticdbPlugin)))
[debug] Clause(Atom(sbt.plugins.JvmPlugin),Set(Atom(sbt.plugins.JUnitXmlReportPlugin)))
[debug] Clause(Atom(sbt.plugins.CorePlugin),Set(Atom(sbt.plugins.Giter8TemplatePlugin)))
[debug] Clause(Atom(sbt.plugins.JvmPlugin),Set(Atom(sbt.plugins.MiniDependencyTreePlugin))))
[debug]   :: deduced result: Matched(sbt.plugins.CorePlugin,sbt.plugins.Giter8TemplatePlugin,sbt.plugins.IvyPlugin,sbt.plugins.JvmPlugin,sbt.plugins.MiniDependencyTreePlugin,sbt.plugins.JUnitXmlReportPlugin,sbt.plugins.SemanticdbPlugin)
[debug] Plugins.deducer#function took 32.4948 ms
[info] loading settings for project gatling-build-build-build from metals.sbt ...
[debug]                           Load.resolveProject(gatling-build-build-build) took 71.0083ms
[debug]                         Load.loadTransitive: finalizeProject(Project(id gatling-build-build-build, base: C:\Users\ABC\Desktop\gatling\project\project\project, plugins: List(<none>))) took 142.2916ms
[debug] [Loading] Done in C:\Users\ABC\Desktop\gatling\project\project\project, returning: (gatling-build-build-build)
[debug]                       Load.loadUnit: loadedProjectsRaw took 904.9561ms
[debug]                       Load.loadUnit: cleanEvalClasses took 24.8091ms
[debug]                     Load.loadUnit(file:/C:/Users/ABC/Desktop/gatling/project/project/project/, ...) took 1272.5589ms
[debug]                   Load.apply: load took 1522.5668ms
[debug]                   Load.apply: resolveProjects took 16.0249ms
[debug]                   Load.apply: finalTransforms took 142.4594ms
[debug]                   Load.apply: config.delegates took 41.6604ms
[debug]                   Load.apply: Def.make(settings)... took 1415.4506ms
[debug]                   Load.apply: structureIndex took 305.5509ms
[debug]                   Load.apply: mkStreams took 3.1608ms
[info] loading project definition from C:\Users\ABC\Desktop\gatling\project\project\project
[debug] Running task... Cancel: Signal, check cycles: false, forcegc: true
[debug]                 Load.loadUnit: plugins took 6130.2673ms
[debug]                 Load.loadUnit: defsScala took 0.004ms
[debug] [Loading] Scanning directory C:\Users\ABC\Desktop\gatling\project\project
[debug]                   Load.loadUnit: mkEval took 0.4893ms
[debug] [Loading] Found non-root projects 
[debug] [Loading] Done in C:\Users\ABC\Desktop\gatling\project\project, returning: ()
[debug] deducing auto plugins based on known facts Set(Atom(sbt.plugins.CorePlugin)) and clauses Clauses(Clause(Atom(sbt.plugins.JvmPlugin),Set(Atom(sbt.plugins.IvyPlugin)))
[debug] Clause(Atom(sbt.ScriptedPlugin),Set(Atom(sbt.plugins.JvmPlugin)))
[debug] Clause(Atom(sbt.plugins.SbtPlugin),Set(Atom(sbt.ScriptedPlugin)))
[debug] Clause(Atom(sbt.plugins.SemanticdbPlugin),Set(Atom(sbt.plugins.JvmPlugin)))
[debug] Clause(Atom(sbt.plugins.JUnitXmlReportPlugin),Set(Atom(sbt.plugins.JvmPlugin)))
[debug] Clause(Atom(sbt.plugins.MiniDependencyTreePlugin),Set(Atom(sbt.plugins.JvmPlugin)))
[debug] Clause(Atom(bloop.integrations.sbt.BloopPlugin),Set(Atom(sbt.plugins.JvmPlugin)))
[debug] Clause(Atom(sbt.plugins.CorePlugin),Set(Atom(sbt.plugins.IvyPlugin)))
[debug] Clause(Atom(sbt.plugins.IvyPlugin),Set(Atom(sbt.plugins.JvmPlugin)))
[debug] Clause(Atom(sbt.plugins.JvmPlugin),Set(Atom(sbt.plugins.SemanticdbPlugin)))
[debug] Clause(Atom(sbt.plugins.JvmPlugin),Set(Atom(sbt.plugins.JUnitXmlReportPlugin)))
[debug] Clause(Atom(sbt.plugins.CorePlugin),Set(Atom(sbt.plugins.Giter8TemplatePlugin)))
[debug] Clause(Atom(sbt.plugins.JvmPlugin),Set(Atom(sbt.plugins.MiniDependencyTreePlugin)))
[debug] Clause(Atom(sbt.plugins.JvmPlugin),Set(Atom(bloop.integrations.sbt.BloopPlugin))))
[debug]   :: deduced result: Matched(sbt.plugins.CorePlugin,sbt.plugins.Giter8TemplatePlugin,sbt.plugins.IvyPlugin,sbt.plugins.JvmPlugin,bloop.integrations.sbt.BloopPlugin,sbt.plugins.MiniDependencyTreePlugin,sbt.plugins.JUnitXmlReportPlugin,sbt.plugins.SemanticdbPlugin)
[debug] Plugins.deducer#function took 2.4109 ms
[info] loading settings for project gatling-build-build from metals.sbt ...
[debug]                     Load.resolveProject(gatling-build-build) took 32.3675ms
[debug]                   Load.loadTransitive: finalizeProject(Project(id gatling-build-build, base: C:\Users\ABC\Desktop\gatling\project\project, plugins: List(<none>))) took 37.3591ms
[debug] [Loading] Done in C:\Users\ABC\Desktop\gatling\project\project, returning: (gatling-build-build)
[debug]                 Load.loadUnit: loadedProjectsRaw took 88.1666ms
[debug]                 Load.loadUnit: cleanEvalClasses took 11.4015ms
[debug]               Load.loadUnit(file:/C:/Users/ABC/Desktop/gatling/project/project/, ...) took 6231.2681ms
[debug]             Load.apply: load took 6235.2548ms
[debug]             Load.apply: resolveProjects took 0.9949ms
[debug]             Load.apply: finalTransforms took 44.7852ms
[debug]             Load.apply: config.delegates took 0.6529ms
[debug]             Load.apply: Def.make(settings)... took 316.7219ms
[debug]             Load.apply: structureIndex took 123.5372ms
[debug]             Load.apply: mkStreams took 0.0027ms
[info] loading project definition from C:\Users\ABC\Desktop\gatling\project\project
[debug] Evaluating tasks: bloopInstall
[debug] Running task... Cancel: Signal, check cycles: false, forcegc: true
