[debug] > Exec(early(addDefaultCommands), None, None)
[debug] > Exec(addDefaultCommands, None, None)
[debug] > Exec(early(initialize), None, None)
[debug] > Exec(initialize, None, None)
[debug] > Exec(boot, None, None)
[debug] > Exec(writeSbtVersion, None, None)
[debug] > Exec(reload, None, None)
[debug] > Exec(sbtStashOnFailure, None, None)
[debug] > Exec(onFailure loadFailed, None, None)
[debug] > Exec(loadp, None, None)
[info] welcome to sbt 1.9.8 (Oracle Corporation Java 18.0.1.1)
[debug] Load.defaultLoad until apply took 490.4729ms
[debug]                       Load.loadUnit: plugins took 309.4334ms
[debug]                       Load.loadUnit: defsScala took 1.3536ms
[debug] [Loading] Scanning directory C:\Users\ABC\Desktop\gatling\project\project\project
[debug]                         Load.loadUnit: mkEval took 44.2315ms
[debug] [Loading] Found non-root projects 
[debug] [Loading] Done in C:\Users\ABC\Desktop\gatling\project\project\project, returning: ()
[debug] deducing auto plugins based on known facts Set(Atom(sbt.plugins.CorePlugin)) and clauses Clauses(Clause(Atom(sbt.plugins.JvmPlugin),Set(Atom(sbt.plugins.IvyPlugin)))
[debug] Clause(Atom(sbt.ScriptedPlugin),Set(Atom(sbt.plugins.JvmPlugin)))
[debug] Clause(Atom(sbt.plugins.SbtPlugin),Set(Atom(sbt.ScriptedPlugin)))
[debug] Clause(Atom(sbt.plugins.SemanticdbPlugin),Set(Atom(sbt.plugins.JvmPlugin)))
[debug] Clause(Atom(sbt.plugins.JUnitXmlReportPlugin),Set(Atom(sbt.plugins.JvmPlugin)))
[debug] Clause(Atom(sbt.plugins.MiniDependencyTreePlugin),Set(Atom(sbt.plugins.JvmPlugin)))
[debug] Clause(Atom(sbt.plugins.CorePlugin),Set(Atom(sbt.plugins.IvyPlugin)))
[debug] Clause(Atom(sbt.plugins.IvyPlugin),Set(Atom(sbt.plugins.JvmPlugin)))
[debug] Clause(Atom(sbt.plugins.JvmPlugin),Set(Atom(sbt.plugins.SemanticdbPlugin)))
[debug] Clause(Atom(sbt.plugins.JvmPlugin),Set(Atom(sbt.plugins.JUnitXmlReportPlugin)))
[debug] Clause(Atom(sbt.plugins.CorePlugin),Set(Atom(sbt.plugins.Giter8TemplatePlugin)))
[debug] Clause(Atom(sbt.plugins.JvmPlugin),Set(Atom(sbt.plugins.MiniDependencyTreePlugin))))
[debug]   :: deduced result: Matched(sbt.plugins.CorePlugin,sbt.plugins.Giter8TemplatePlugin,sbt.plugins.IvyPlugin,sbt.plugins.JvmPlugin,sbt.plugins.MiniDependencyTreePlugin,sbt.plugins.JUnitXmlReportPlugin,sbt.plugins.SemanticdbPlugin)
[debug] Plugins.deducer#function took 33.0939 ms
[info] loading settings for project gatling-build-build-build from metals.sbt ...
[debug]                           Load.resolveProject(gatling-build-build-build) took 341.2698ms
[debug]                         Load.loadTransitive: finalizeProject(Project(id gatling-build-build-build, base: C:\Users\ABC\Desktop\gatling\project\project\project, plugins: List(<none>))) took 395.7976ms
[debug] [Loading] Done in C:\Users\ABC\Desktop\gatling\project\project\project, returning: (gatling-build-build-build)
[debug]                       Load.loadUnit: loadedProjectsRaw took 11598.8754ms
[debug]                       Load.loadUnit: cleanEvalClasses took 69.9411ms
[debug]                     Load.loadUnit(file:/C:/Users/ABC/Desktop/gatling/project/project/project/, ...) took 11994.9278ms
[debug]                   Load.apply: load took 12991.1951ms
[debug]                   Load.apply: resolveProjects took 23.3992ms
[debug]                   Load.apply: finalTransforms took 357.827ms
[debug]                   Load.apply: config.delegates took 20.2621ms
[debug]                   Load.apply: Def.make(settings)... took 2444.8943ms
[debug]                   Load.apply: structureIndex took 538.0499ms
[debug]                   Load.apply: mkStreams took 7.1605ms
[info] loading project definition from C:\Users\ABC\Desktop\gatling\project\project\project
[debug] Running task... Cancel: Signal, check cycles: false, forcegc: true
[debug]                 Load.loadUnit: plugins took 27280.0625ms
[debug]                 Load.loadUnit: defsScala took 0.0072ms
[debug] [Loading] Scanning directory C:\Users\ABC\Desktop\gatling\project\project
[debug]                   Load.loadUnit: mkEval took 0.7123ms
[debug] [Loading] Found non-root projects 
[debug] [Loading] Done in C:\Users\ABC\Desktop\gatling\project\project, returning: ()
[debug] deducing auto plugins based on known facts Set(Atom(sbt.plugins.CorePlugin)) and clauses Clauses(Clause(Atom(sbt.plugins.JvmPlugin),Set(Atom(sbt.plugins.IvyPlugin)))
[debug] Clause(Atom(sbt.ScriptedPlugin),Set(Atom(sbt.plugins.JvmPlugin)))
[debug] Clause(Atom(sbt.plugins.SbtPlugin),Set(Atom(sbt.ScriptedPlugin)))
[debug] Clause(Atom(sbt.plugins.SemanticdbPlugin),Set(Atom(sbt.plugins.JvmPlugin)))
[debug] Clause(Atom(sbt.plugins.JUnitXmlReportPlugin),Set(Atom(sbt.plugins.JvmPlugin)))
[debug] Clause(Atom(sbt.plugins.MiniDependencyTreePlugin),Set(Atom(sbt.plugins.JvmPlugin)))
[debug] Clause(Atom(bloop.integrations.sbt.BloopPlugin),Set(Atom(sbt.plugins.JvmPlugin)))
[debug] Clause(Atom(sbt.plugins.CorePlugin),Set(Atom(sbt.plugins.IvyPlugin)))
[debug] Clause(Atom(sbt.plugins.IvyPlugin),Set(Atom(sbt.plugins.JvmPlugin)))
[debug] Clause(Atom(sbt.plugins.JvmPlugin),Set(Atom(sbt.plugins.SemanticdbPlugin)))
[debug] Clause(Atom(sbt.plugins.JvmPlugin),Set(Atom(sbt.plugins.JUnitXmlReportPlugin)))
[debug] Clause(Atom(sbt.plugins.CorePlugin),Set(Atom(sbt.plugins.Giter8TemplatePlugin)))
[debug] Clause(Atom(sbt.plugins.JvmPlugin),Set(Atom(sbt.plugins.MiniDependencyTreePlugin)))
[debug] Clause(Atom(sbt.plugins.JvmPlugin),Set(Atom(bloop.integrations.sbt.BloopPlugin))))
[debug]   :: deduced result: Matched(sbt.plugins.CorePlugin,sbt.plugins.Giter8TemplatePlugin,sbt.plugins.IvyPlugin,sbt.plugins.JvmPlugin,bloop.integrations.sbt.BloopPlugin,sbt.plugins.MiniDependencyTreePlugin,sbt.plugins.JUnitXmlReportPlugin,sbt.plugins.SemanticdbPlugin)
[debug] Plugins.deducer#function took 30.593 ms
[info] loading settings for project gatling-build-build from metals.sbt ...
[debug]                     Load.resolveProject(gatling-build-build) took 107.6602ms
[debug]                   Load.loadTransitive: finalizeProject(Project(id gatling-build-build, base: C:\Users\ABC\Desktop\gatling\project\project, plugins: List(<none>))) took 139.3298ms
[debug] [Loading] Done in C:\Users\ABC\Desktop\gatling\project\project, returning: (gatling-build-build)
[debug]                 Load.loadUnit: loadedProjectsRaw took 3558.1318ms
[debug]                 Load.loadUnit: cleanEvalClasses took 66.5419ms
[debug]               Load.loadUnit(file:/C:/Users/ABC/Desktop/gatling/project/project/, ...) took 30906.7368ms
[debug]             Load.apply: load took 30912.6316ms
[debug]             Load.apply: resolveProjects took 0.2046ms
[debug]             Load.apply: finalTransforms took 84.3337ms
[debug]             Load.apply: config.delegates took 3.2743ms
[debug]             Load.apply: Def.make(settings)... took 687.1101ms
[debug]             Load.apply: structureIndex took 144.7413ms
[debug]             Load.apply: mkStreams took 0.0025ms
[info] loading project definition from C:\Users\ABC\Desktop\gatling\project\project
[debug] Evaluating tasks: bloopInstall
[debug] Running task... Cancel: Signal, check cycles: false, forcegc: true
